0000000 <Fri May 12 05:22:12 2017> <DEBUG>: 2a833cc15ead4fd4b2fb84bcd3f3664 has connected!

0000001 <Fri May 12 05:22:12 2017> <DEBUG>: 2a833cc15ead4fd4b2fb84bcd3f3664 has disconnected!

0000002 <Fri May 12 05:23:32 2017> <DEBUG>: 6e804c93f9dd44febcf768961f5348f9 has connected!

0000003 <Fri May 12 05:23:32 2017> <DEBUG>: 6e804c93f9dd44febcf768961f5348f9 has disconnected!

0000004 <Fri May 12 05:24:25 2017> <DEBUG>: 7bb3dd753f64cf8d89f0e77d124eec has connected!

0000005 <Fri May 12 05:24:28 2017> <DEBUG>: ./data/test2.notxt is the new workspace!

0000006 <Fri May 12 05:24:29 2017> <DEBUG>: ./data/killme.pls is the new workspace!

0000007 <Fri May 12 05:24:29 2017> <DEBUG>: ./data/test1.txt is the new workspace!

0000008 <Fri May 12 05:25:16 2017> <DEBUG>: ./data/test2.notxt is the new workspace!

0000009 <Fri May 12 05:25:17 2017> <DEBUG>: ./data/killme.pls is the new workspace!

0000010 <Fri May 12 05:25:18 2017> <DEBUG>: ./data/test1.txt is the new workspace!

0000011 <Fri May 12 05:25:18 2017> <DEBUG>: ./data/test2.notxt is the new workspace!

0000012 <Fri May 12 05:25:19 2017> <DEBUG>: ./data/killme.pls is the new workspace!

0000013 <Fri May 12 05:25:19 2017> <DEBUG>: ./data/test1.txt is the new workspace!

0000014 <Fri May 12 05:25:20 2017> <DEBUG>: ./data/test2.notxt is the new workspace!

0000015 <Fri May 12 05:25:21 2017> <DEBUG>: ./data/killme.pls is the new workspace!

0000016 <Fri May 12 05:25:21 2017> <DEBUG>: ./data/test1.txt is the new workspace!

0000017 <Fri May 12 05:25:36 2017> <DEBUG>: 7bb3dd753f64cf8d89f0e77d124eec has disconnected!

0000018 <Fri May 12 05:27:16 2017> <DEBUG>: e81a018e2d499586f707edb30db3b has connected!

0000019 <Fri May 12 05:27:16 2017> <DEBUG>: e81a018e2d499586f707edb30db3b has disconnected!

0000020 <Fri May 12 05:30:23 2017> <DEBUG>: 9a41733e48f14b94aa54c1ec3d28bb5 has connected!

0000021 <Fri May 12 05:30:23 2017> <DEBUG>: 9a41733e48f14b94aa54c1ec3d28bb5 has disconnected!

0000022 <Fri May 12 05:33:00 2017> <DEBUG>: b0d851ee7124f729bf46afdd5ae1b6d has connected!

0000023 <Fri May 12 05:33:00 2017> <DEBUG>: b0d851ee7124f729bf46afdd5ae1b6d has disconnected!

0000024 <Fri May 12 05:34:34 2017> <DEBUG>: 5ccece0c65343ffb93314e6798a9fec has connected!

0000025 <Fri May 12 05:34:36 2017> <DEBUG>: Unknown request id: 49!

0000026 <Fri May 12 05:34:36 2017> <DEBUG>: Unknown request id: 3211313!

0000027 <Fri May 12 05:34:37 2017> <DEBUG>: Unknown request id: 3211313!

0000028 <Fri May 12 05:34:37 2017> <DEBUG>: Unknown request id: 3211313!

0000029 <Fri May 12 05:34:38 2017> <DEBUG>: Unknown request id: 3211313!

0000030 <Fri May 12 05:34:38 2017> <DEBUG>: Unknown request id: 3211313!

0000031 <Fri May 12 05:34:40 2017> <DEBUG>: ./data/test1.txt is the new workspace!

0000032 <Fri May 12 05:34:40 2017> <DEBUG>: ./data/killme.pls is the new workspace!

0000033 <Fri May 12 05:34:43 2017> <DEBUG>: 5ccece0c65343ffb93314e6798a9fec has disconnected!

0000034 <Fri May 12 05:37:07 2017> <DEBUG>: 699a57da77554593a7b963dcf6bb6a8b has connected!

0000035 <Fri May 12 05:37:08 2017> <DEBUG>: Unknown request id: 49!

0000036 <Fri May 12 05:37:09 2017> <DEBUG>: Unknown request id: 49!

0000037 <Fri May 12 05:37:09 2017> <DEBUG>: Unknown request id: 49!

0000038 <Fri May 12 05:37:09 2017> <DEBUG>: Unknown request id: 49!

0000039 <Fri May 12 05:37:09 2017> <DEBUG>: Unknown request id: 49!

0000040 <Fri May 12 05:37:09 2017> <DEBUG>: Unknown request id: 49!

0000041 <Fri May 12 05:37:10 2017> <DEBUG>: Unknown request id: 49!

0000042 <Fri May 12 05:37:10 2017> <DEBUG>: Unknown request id: 49!

0000043 <Fri May 12 05:37:10 2017> <DEBUG>: Unknown request id: 49!

0000044 <Fri May 12 05:37:10 2017> <DEBUG>: Unknown request id: 49!

0000045 <Fri May 12 05:37:10 2017> <DEBUG>: Unknown request id: 49!

0000046 <Fri May 12 05:37:11 2017> <DEBUG>: Unknown request id: 49!

0000047 <Fri May 12 05:37:11 2017> <DEBUG>: Unknown request id: 49!

0000048 <Fri May 12 05:37:12 2017> <DEBUG>: Unknown request id: 49!

0000049 <Fri May 12 05:37:17 2017> <DEBUG>: Unknown request id: 49!

0000050 <Fri May 12 05:37:19 2017> <DEBUG>: 699a57da77554593a7b963dcf6bb6a8b has disconnected!

